<?xml version="1.0" encoding="UTF-8"?>
<testsuite name="com.weno.deploy.DeployApplicationTests" tests="1" skipped="0" failures="0" errors="0" timestamp="2021-07-09T12:33:28" hostname="DESKTOP-OM88M8O" time="0.399">
  <properties/>
  <testcase name="contextLoads()" classname="com.weno.deploy.DeployApplicationTests" time="0.399"/>
  <system-out><![CDATA[21:33:24.477 [Test worker] DEBUG org.springframework.test.context.BootstrapUtils - Instantiating CacheAwareContextLoaderDelegate from class [org.springframework.test.context.cache.DefaultCacheAwareContextLoaderDelegate]
21:33:24.493 [Test worker] DEBUG org.springframework.test.context.BootstrapUtils - Instantiating BootstrapContext using constructor [public org.springframework.test.context.support.DefaultBootstrapContext(java.lang.Class,org.springframework.test.context.CacheAwareContextLoaderDelegate)]
21:33:24.547 [Test worker] DEBUG org.springframework.test.context.BootstrapUtils - Instantiating TestContextBootstrapper for test class [com.weno.deploy.DeployApplicationTests] from class [org.springframework.boot.test.context.SpringBootTestContextBootstrapper]
21:33:24.563 [Test worker] INFO org.springframework.boot.test.context.SpringBootTestContextBootstrapper - Neither @ContextConfiguration nor @ContextHierarchy found for test class [com.weno.deploy.DeployApplicationTests], using SpringBootContextLoader
21:33:24.569 [Test worker] DEBUG org.springframework.test.context.support.AbstractContextLoader - Did not detect default resource location for test class [com.weno.deploy.DeployApplicationTests]: class path resource [com/weno/deploy/DeployApplicationTests-context.xml] does not exist
21:33:24.570 [Test worker] DEBUG org.springframework.test.context.support.AbstractContextLoader - Did not detect default resource location for test class [com.weno.deploy.DeployApplicationTests]: class path resource [com/weno/deploy/DeployApplicationTestsContext.groovy] does not exist
21:33:24.570 [Test worker] INFO org.springframework.test.context.support.AbstractContextLoader - Could not detect default resource locations for test class [com.weno.deploy.DeployApplicationTests]: no resource found for suffixes {-context.xml, Context.groovy}.
21:33:24.571 [Test worker] INFO org.springframework.test.context.support.AnnotationConfigContextLoaderUtils - Could not detect default configuration classes for test class [com.weno.deploy.DeployApplicationTests]: DeployApplicationTests does not declare any static, non-private, non-final, nested classes annotated with @Configuration.
21:33:24.793 [Test worker] DEBUG org.springframework.test.context.support.ActiveProfilesUtils - Could not find an 'annotation declaring class' for annotation type [org.springframework.test.context.ActiveProfiles] and class [com.weno.deploy.DeployApplicationTests]
21:33:24.859 [Test worker] DEBUG org.springframework.context.annotation.ClassPathScanningCandidateComponentProvider - Identified candidate component class: file [C:\Users\whosegoodsdev\IdeaProjects\deploy\build\classes\java\main\com\weno\deploy\DeployApplication.class]
21:33:24.860 [Test worker] INFO org.springframework.boot.test.context.SpringBootTestContextBootstrapper - Found @SpringBootConfiguration com.weno.deploy.DeployApplication for test class com.weno.deploy.DeployApplicationTests
21:33:24.992 [Test worker] DEBUG org.springframework.boot.test.context.SpringBootTestContextBootstrapper - @TestExecutionListeners is not present for class [com.weno.deploy.DeployApplicationTests]: using defaults.
21:33:24.993 [Test worker] INFO org.springframework.boot.test.context.SpringBootTestContextBootstrapper - Loaded default TestExecutionListener class names from location [META-INF/spring.factories]: [org.springframework.boot.test.autoconfigure.restdocs.RestDocsTestExecutionListener, org.springframework.boot.test.autoconfigure.web.client.MockRestServiceServerResetTestExecutionListener, org.springframework.boot.test.autoconfigure.web.servlet.MockMvcPrintOnlyOnFailureTestExecutionListener, org.springframework.boot.test.autoconfigure.web.servlet.WebDriverTestExecutionListener, org.springframework.boot.test.autoconfigure.webservices.client.MockWebServiceServerTestExecutionListener, org.springframework.boot.test.mock.mockito.MockitoTestExecutionListener, org.springframework.boot.test.mock.mockito.ResetMocksTestExecutionListener, org.springframework.test.context.web.ServletTestExecutionListener, org.springframework.test.context.support.DirtiesContextBeforeModesTestExecutionListener, org.springframework.test.context.event.ApplicationEventsTestExecutionListener, org.springframework.test.context.support.DependencyInjectionTestExecutionListener, org.springframework.test.context.support.DirtiesContextTestExecutionListener, org.springframework.test.context.transaction.TransactionalTestExecutionListener, org.springframework.test.context.jdbc.SqlScriptsTestExecutionListener, org.springframework.test.context.event.EventPublishingTestExecutionListener]
21:33:25.009 [Test worker] DEBUG org.springframework.boot.test.context.SpringBootTestContextBootstrapper - Skipping candidate TestExecutionListener [org.springframework.test.context.transaction.TransactionalTestExecutionListener] due to a missing dependency. Specify custom listener classes or make the default listener classes and their required dependencies available. Offending class: [org/springframework/transaction/interceptor/TransactionAttributeSource]
21:33:25.009 [Test worker] DEBUG org.springframework.boot.test.context.SpringBootTestContextBootstrapper - Skipping candidate TestExecutionListener [org.springframework.test.context.jdbc.SqlScriptsTestExecutionListener] due to a missing dependency. Specify custom listener classes or make the default listener classes and their required dependencies available. Offending class: [org/springframework/transaction/interceptor/TransactionAttribute]
21:33:25.010 [Test worker] INFO org.springframework.boot.test.context.SpringBootTestContextBootstrapper - Using TestExecutionListeners: [org.springframework.test.context.web.ServletTestExecutionListener@64d1c0c2, org.springframework.test.context.support.DirtiesContextBeforeModesTestExecutionListener@63b9a147, org.springframework.test.context.event.ApplicationEventsTestExecutionListener@1136d7fe, org.springframework.boot.test.mock.mockito.MockitoTestExecutionListener@1cc0f8eb, org.springframework.boot.test.autoconfigure.SpringBootDependencyInjectionTestExecutionListener@76fdfc61, org.springframework.test.context.support.DirtiesContextTestExecutionListener@5860c860, org.springframework.test.context.event.EventPublishingTestExecutionListener@7f4e7db5, org.springframework.boot.test.autoconfigure.restdocs.RestDocsTestExecutionListener@6452d517, org.springframework.boot.test.autoconfigure.web.client.MockRestServiceServerResetTestExecutionListener@7d553308, org.springframework.boot.test.autoconfigure.web.servlet.MockMvcPrintOnlyOnFailureTestExecutionListener@23a8d70a, org.springframework.boot.test.autoconfigure.web.servlet.WebDriverTestExecutionListener@2f07b51f, org.springframework.boot.test.autoconfigure.webservices.client.MockWebServiceServerTestExecutionListener@5d0f3785, org.springframework.boot.test.mock.mockito.ResetMocksTestExecutionListener@916825f]
21:33:25.021 [Test worker] DEBUG org.springframework.test.context.support.AbstractDirtiesContextTestExecutionListener - Before test class: context [DefaultTestContext@31cf6cd6 testClass = DeployApplicationTests, testInstance = [null], testMethod = [null], testException = [null], mergedContextConfiguration = [WebMergedContextConfiguration@379298dc testClass = DeployApplicationTests, locations = '{}', classes = '{class com.weno.deploy.DeployApplication}', contextInitializerClasses = '[]', activeProfiles = '{}', propertySourceLocations = '{}', propertySourceProperties = '{org.springframework.boot.test.context.SpringBootTestContextBootstrapper=true}', contextCustomizers = set[org.springframework.boot.test.autoconfigure.actuate.metrics.MetricsExportContextCustomizerFactory$DisableMetricExportContextCustomizer@21166d4, org.springframework.boot.test.autoconfigure.properties.PropertyMappingContextCustomizer@0, org.springframework.boot.test.autoconfigure.web.servlet.WebDriverContextCustomizerFactory$Customizer@de63606, org.springframework.boot.test.context.filter.ExcludeFilterContextCustomizer@6afb244c, org.springframework.boot.test.json.DuplicateJsonObjectContextCustomizerFactory$DuplicateJsonObjectContextCustomizer@14ae7960, org.springframework.boot.test.mock.mockito.MockitoContextCustomizer@0, org.springframework.boot.test.web.client.TestRestTemplateContextCustomizer@4da9c2a0, org.springframework.boot.test.context.SpringBootTestArgs@1, org.springframework.boot.test.context.SpringBootTestWebEnvironment@4f4f0361], resourceBasePath = 'src/main/webapp', contextLoader = 'org.springframework.boot.test.context.SpringBootContextLoader', parent = [null]], attributes = map['org.springframework.test.context.web.ServletTestExecutionListener.activateListener' -> true]], class annotated with @DirtiesContext [false] with mode [null].
21:33:25.062 [Test worker] DEBUG org.springframework.test.context.support.TestPropertySourceUtils - Adding inlined properties to environment: {spring.jmx.enabled=false, org.springframework.boot.test.context.SpringBootTestContextBootstrapper=true}

  .   ____          _            __ _ _
 /\\ / ___'_ __ _ _(_)_ __  __ _ \ \ \ \
( ( )\___ | '_ | '_| | '_ \/ _` | \ \ \ \
 \\/  ___)| |_)| | | | | || (_| |  ) ) ) )
  '  |____| .__|_| |_|_| |_\__, | / / / /
 =========|_|==============|___/=/_/_/_/
 :: Spring Boot ::                (v2.5.2)

2021-07-09 21:33:25.410  INFO 19928 --- [    Test worker] com.weno.deploy.DeployApplicationTests   : Starting DeployApplicationTests using Java 11.0.5 on DESKTOP-OM88M8O with PID 19928 (started by whosegoodsdev in C:\Users\whosegoodsdev\IdeaProjects\deploy)
2021-07-09 21:33:25.414  INFO 19928 --- [    Test worker] com.weno.deploy.DeployApplicationTests   : No active profile set, falling back to default profiles: default
2021-07-09 21:33:28.535  INFO 19928 --- [    Test worker] com.weno.deploy.DeployApplicationTests   : Started DeployApplicationTests in 3.464 seconds (JVM running for 5.535)
]]></system-out>
  <system-err><![CDATA[]]></system-err>
</testsuite>
